#
# There is insufficient memory for the Java Runtime Environment to continue.
# Native memory allocation (malloc) failed to allocate 327056 bytes for Chunk::new
# Possible reasons:
#   The system is out of physical RAM or swap space
#   The process is running with CompressedOops enabled, and the Java Heap may be blocking the growth of the native heap
# Possible solutions:
#   Reduce memory load on the system
#   Increase physical memory or swap space
#   Check if swap backing store is full
#   Decrease Java heap size (-Xmx/-Xms)
#   Decrease number of Java threads
#   Decrease Java thread stack sizes (-Xss)
#   Set larger code cache with -XX:ReservedCodeCacheSize=
#   JVM is running with Zero Based Compressed Oops mode in which the Java heap is
#     placed in the first 32GB address space. The Java Heap base address is the
#     maximum limit for the native heap growth. Please use -XX:HeapBaseMinAddress
#     to set the Java Heap base and to place the Java Heap above 32GB virtual address.
# This output file may be truncated or incomplete.
#
#  Out of Memory Error (arena.cpp:189), pid=16268, tid=18732
#
# JRE version: OpenJDK Runtime Environment (17.0.6) (build 17.0.6+0-b2043.56-10027231)
# Java VM: OpenJDK 64-Bit Server VM (17.0.6+0-b2043.56-10027231, mixed mode, tiered, compressed oops, compressed class ptrs, g1 gc, windows-amd64)
# No core dump will be written. Minidumps are not enabled by default on client versions of Windows
#

---------------  S U M M A R Y ------------

Command Line: org.jetbrains.kotlin.cli.jvm.K2JVMCompiler @F:\androiddd\SalaCount\app\build\20230815_11260563713652411480.compiler.options

Host: Intel(R) Core(TM) i7-10750H CPU @ 2.60GHz, 12 cores, 15G,  Windows 11 , 64 bit Build 22621 (10.0.22621.2070)
Time: Tue Aug 15 10:18:44 2023 SE Asia Standard Time elapsed time: 0.878107 seconds (0d 0h 0m 0s)

---------------  T H R E A D  ---------------

Current thread (0x000001c8f8256ac0):  JavaThread "C2 CompilerThread1" daemon [_thread_in_native, id=18732, stack(0x000000b67a800000,0x000000b67a900000)]


Current CompileTask:
C2:    878 1532 % !   4       java.util.concurrent.ConcurrentHashMap::transfer @ 96 (849 bytes)

Stack: [0x000000b67a800000,0x000000b67a900000]
Native frames: (J=compiled Java code, j=interpreted, Vv=VM code, C=native code)
V  [jvm.dll+0x683c9a]
V  [jvm.dll+0x8427a4]
V  [jvm.dll+0x843f9e]
V  [jvm.dll+0x844603]
V  [jvm.dll+0x249b75]
V  [jvm.dll+0xabcac]
V  [jvm.dll+0xac27c]
V  [jvm.dll+0x368802]
V  [jvm.dll+0x332f31]
V  [jvm.dll+0x3323da]
V  [jvm.dll+0x21c201]
V  [jvm.dll+0x21b621]
V  [jvm.dll+0x1a4fdd]
V  [jvm.dll+0x22b098]
V  [jvm.dll+0x229159]
V  [jvm.dll+0x7f81ec]
V  [jvm.dll+0x7f274a]
V  [jvm.dll+0x682ad5]
C  [ucrtbase.dll+0x29363]
C  [KERNEL32.DLL+0x126ad]
C  [ntdll.dll+0x5aa68]


---------------  P R O C E S S  ---------------

Threads class SMR info:
_java_thread_list=0x000001c8f8826bc0, length=14, elements={
0x000001c8d6a7a780, 0x000001c8f8034480, 0x000001c8f80356e0, 0x000001c8f809bdf0,
0x000001c8f809e8c0, 0x000001c8f80a1190, 0x000001c8f80a21f0, 0x000001c8f80b9510,
0x000001c8f80bb970, 0x000001c8f80e51f0, 0x000001c8f8232360, 0x000001c8f823f4f0,
0x000001c8f8256ac0, 0x000001c8f8cf75b0
}

Java Threads: ( => current thread )
  0x000001c8d6a7a780 JavaThread "main" [_thread_in_native, id=20528, stack(0x000000b679500000,0x000000b679600000)]
  0x000001c8f8034480 JavaThread "Reference Handler" daemon [_thread_blocked, id=16908, stack(0x000000b679c00000,0x000000b679d00000)]
  0x000001c8f80356e0 JavaThread "Finalizer" daemon [_thread_blocked, id=12420, stack(0x000000b679d00000,0x000000b679e00000)]
  0x000001c8f809bdf0 JavaThread "Signal Dispatcher" daemon [_thread_blocked, id=21164, stack(0x000000b679e00000,0x000000b679f00000)]
  0x000001c8f809e8c0 JavaThread "Attach Listener" daemon [_thread_blocked, id=13200, stack(0x000000b679f00000,0x000000b67a000000)]
  0x000001c8f80a1190 JavaThread "Service Thread" daemon [_thread_blocked, id=16740, stack(0x000000b67a000000,0x000000b67a100000)]
  0x000001c8f80a21f0 JavaThread "Monitor Deflation Thread" daemon [_thread_blocked, id=18084, stack(0x000000b67a100000,0x000000b67a200000)]
  0x000001c8f80b9510 JavaThread "C2 CompilerThread0" daemon [_thread_blocked, id=18840, stack(0x000000b67a200000,0x000000b67a300000)]
  0x000001c8f80bb970 JavaThread "C1 CompilerThread0" daemon [_thread_blocked, id=1268, stack(0x000000b67a300000,0x000000b67a400000)]
  0x000001c8f80e51f0 JavaThread "Sweeper thread" daemon [_thread_blocked, id=5656, stack(0x000000b67a400000,0x000000b67a500000)]
  0x000001c8f8232360 JavaThread "Notification Thread" daemon [_thread_blocked, id=3244, stack(0x000000b67a500000,0x000000b67a600000)]
  0x000001c8f823f4f0 JavaThread "Common-Cleaner" daemon [_thread_blocked, id=4464, stack(0x000000b67a700000,0x000000b67a800000)]
=>0x000001c8f8256ac0 JavaThread "C2 CompilerThread1" daemon [_thread_in_native, id=18732, stack(0x000000b67a800000,0x000000b67a900000)]
  0x000001c8f8cf75b0 JavaThread "C2 CompilerThread2" daemon [_thread_blocked, id=20812, stack(0x000000b67ae00000,0x000000b67af00000)]

Other Threads:
  0x000001c8f804eba0 VMThread "VM Thread" [stack: 0x000000b679b00000,0x000000b679c00000] [id=14576]
  0x000001c8d6b01ac0 WatcherThread [stack: 0x000000b67a600000,0x000000b67a700000] [id=1772]
  0x000001c8d6ae8e30 GCTaskThread "GC Thread#0" [stack: 0x000000b679600000,0x000000b679700000] [id=19356]
  0x000001c8f8828050 GCTaskThread "GC Thread#1" [stack: 0x000000b67a900000,0x000000b67aa00000] [id=6108]
  0x000001c8f8828300 GCTaskThread "GC Thread#2" [stack: 0x000000b67aa00000,0x000000b67ab00000] [id=14808]
  0x000001c8f8903a50 GCTaskThread "GC Thread#3" [stack: 0x000000b67ab00000,0x000000b67ac00000] [id=12904]
  0x000001c8f8903d00 GCTaskThread "GC Thread#4" [stack: 0x000000b67ac00000,0x000000b67ad00000] [id=18120]
  0x000001c8f8862000 GCTaskThread "GC Thread#5" [stack: 0x000000b67ad00000,0x000000b67ae00000] [id=3024]
  0x000001c8d6af9b20 ConcurrentGCThread "G1 Main Marker" [stack: 0x000000b679700000,0x000000b679800000] [id=11400]
  0x000001c8d6afabe0 ConcurrentGCThread "G1 Conc#0" [stack: 0x000000b679800000,0x000000b679900000] [id=19388]
  0x000001c8f761a120 ConcurrentGCThread "G1 Refine#0" [stack: 0x000000b679900000,0x000000b679a00000] [id=18176]
  0x000001c8f761aa50 ConcurrentGCThread "G1 Service" [stack: 0x000000b679a00000,0x000000b679b00000] [id=19068]

Threads with active compile tasks:
C2 CompilerThread1      889 1532 % !   4       java.util.concurrent.ConcurrentHashMap::transfer @ 96 (849 bytes)

VM state: not at safepoint (normal execution)

VM Mutex/Monitor currently owned by a thread: None

Heap address: 0x0000000702c00000, size: 4052 MB, Compressed Oops mode: Zero based, Oop shift amount: 3

CDS archive(s) not mapped
Compressed class space mapped at: 0x0000000800000000-0x0000000840000000, reserved size: 1073741824
Narrow klass base: 0x0000000800000000, Narrow klass shift: 0, Narrow klass range: 0x40000000

GC Precious Log:
 CPUs: 12 total, 12 available
 Memory: 16205M
 Large Page Support: Disabled
 NUMA Support: Disabled
 Compressed Oops: Enabled (Zero based)
 Heap Region Size: 2M
 Heap Min Capacity: 8M
 Heap Initial Capacity: 254M
 Heap Max Capacity: 4052M
 Pre-touch: Disabled
 Parallel Workers: 10
 Concurrent Workers: 3
 Concurrent Refinement Workers: 10
 Periodic GC: Disabled

Heap:
 garbage-first heap   total 260096K, used 29364K [0x0000000702c00000, 0x0000000800000000)
  region size 2048K, 14 young (28672K), 2 survivors (4096K)
 Metaspace       used 17970K, committed 18176K, reserved 1073152K
  class space    used 1854K, committed 1920K, reserved 1048576K

Heap Regions: E=young(eden), S=young(survivor), O=old, HS=humongous(starts), HC=humongous(continues), CS=collection set, F=free, OA=open archive, CA=closed archive, TAMS=top-at-mark-start (previous, next)
|   0|0x0000000702c00000, 0x0000000702e00000, 0x0000000702e00000|100%|HS|  |TAMS 0x0000000702c00000, 0x0000000702c00000| Complete 
|   1|0x0000000702e00000, 0x0000000703000000, 0x0000000703000000|100%|HC|  |TAMS 0x0000000702e00000, 0x0000000702e00000| Complete 
|   2|0x0000000703000000, 0x0000000703000000, 0x0000000703200000|  0%| F|  |TAMS 0x0000000703000000, 0x0000000703000000| Untracked 
|   3|0x0000000703200000, 0x0000000703200000, 0x0000000703400000|  0%| F|  |TAMS 0x0000000703200000, 0x0000000703200000| Untracked 
|   4|0x0000000703400000, 0x0000000703400000, 0x0000000703600000|  0%| F|  |TAMS 0x0000000703400000, 0x0000000703400000| Untracked 
|   5|0x0000000703600000, 0x0000000703600000, 0x0000000703800000|  0%| F|  |TAMS 0x0000000703600000, 0x0000000703600000| Untracked 
|   6|0x0000000703800000, 0x0000000703800000, 0x0000000703a00000|  0%| F|  |TAMS 0x0000000703800000, 0x0000000703800000| Untracked 
|   7|0x0000000703a00000, 0x0000000703a00000, 0x0000000703c00000|  0%| F|  |TAMS 0x0000000703a00000, 0x0000000703a00000| Untracked 
|   8|0x0000000703c00000, 0x0000000703c00000, 0x0000000703e00000|  0%| F|  |TAMS 0x0000000703c00000, 0x0000000703c00000| Untracked 
|   9|0x0000000703e00000, 0x0000000703e00000, 0x0000000704000000|  0%| F|  |TAMS 0x0000000703e00000, 0x0000000703e00000| Untracked 
|  10|0x0000000704000000, 0x0000000704000000, 0x0000000704200000|  0%| F|  |TAMS 0x0000000704000000, 0x0000000704000000| Untracked 
|  11|0x0000000704200000, 0x0000000704200000, 0x0000000704400000|  0%| F|  |TAMS 0x0000000704200000, 0x0000000704200000| Untracked 
|  12|0x0000000704400000, 0x0000000704400000, 0x0000000704600000|  0%| F|  |TAMS 0x0000000704400000, 0x0000000704400000| Untracked 
|  13|0x0000000704600000, 0x0000000704600000, 0x0000000704800000|  0%| F|  |TAMS 0x0000000704600000, 0x0000000704600000| Untracked 
|  14|0x0000000704800000, 0x0000000704800000, 0x0000000704a00000|  0%| F|  |TAMS 0x0000000704800000, 0x0000000704800000| Untracked 
|  15|0x0000000704a00000, 0x0000000704a00000, 0x0000000704c00000|  0%| F|  |TAMS 0x0000000704a00000, 0x0000000704a00000| Untracked 
|  16|0x0000000704c00000, 0x0000000704c00000, 0x0000000704e00000|  0%| F|  |TAMS 0x0000000704c00000, 0x0000000704c00000| Untracked 
|  17|0x0000000704e00000, 0x0000000704e00000, 0x0000000705000000|  0%| F|  |TAMS 0x0000000704e00000, 0x0000000704e00000| Untracked 
|  18|0x0000000705000000, 0x0000000705000000, 0x0000000705200000|  0%| F|  |TAMS 0x0000000705000000, 0x0000000705000000| Untracked 
|  19|0x0000000705200000, 0x0000000705200000, 0x0000000705400000|  0%| F|  |TAMS 0x0000000705200000, 0x0000000705200000| Untracked 
|  20|0x0000000705400000, 0x0000000705400000, 0x0000000705600000|  0%| F|  |TAMS 0x0000000705400000, 0x0000000705400000| Untracked 
|  21|0x0000000705600000, 0x0000000705600000, 0x0000000705800000|  0%| F|  |TAMS 0x0000000705600000, 0x0000000705600000| Untracked 
|  22|0x0000000705800000, 0x0000000705800000, 0x0000000705a00000|  0%| F|  |TAMS 0x0000000705800000, 0x0000000705800000| Untracked 
|  23|0x0000000705a00000, 0x0000000705a00000, 0x0000000705c00000|  0%| F|  |TAMS 0x0000000705a00000, 0x0000000705a00000| Untracked 
|  24|0x0000000705c00000, 0x0000000705c00000, 0x0000000705e00000|  0%| F|  |TAMS 0x0000000705c00000, 0x0000000705c00000| Untracked 
|  25|0x0000000705e00000, 0x0000000705e00000, 0x0000000706000000|  0%| F|  |TAMS 0x0000000705e00000, 0x0000000705e00000| Untracked 
|  26|0x0000000706000000, 0x0000000706000000, 0x0000000706200000|  0%| F|  |TAMS 0x0000000706000000, 0x0000000706000000| Untracked 
|  27|0x0000000706200000, 0x0000000706200000, 0x0000000706400000|  0%| F|  |TAMS 0x0000000706200000, 0x0000000706200000| Untracked 
|  28|0x0000000706400000, 0x0000000706400000, 0x0000000706600000|  0%| F|  |TAMS 0x0000000706400000, 0x0000000706400000| Untracked 
|  29|0x0000000706600000, 0x0000000706600000, 0x0000000706800000|  0%| F|  |TAMS 0x0000000706600000, 0x0000000706600000| Untracked 
|  30|0x0000000706800000, 0x0000000706800000, 0x0000000706a00000|  0%| F|  |TAMS 0x0000000706800000, 0x0000000706800000| Untracked 
|  31|0x0000000706a00000, 0x0000000706a00000, 0x0000000706c00000|  0%| F|  |TAMS 0x0000000706a00000, 0x0000000706a00000| Untracked 
|  32|0x0000000706c00000, 0x0000000706c00000, 0x0000000706e00000|  0%| F|  |TAMS 0x0000000706c00000, 0x0000000706c00000| Untracked 
|  33|0x0000000706e00000, 0x0000000706e00000, 0x0000000707000000|  0%| F|  |TAMS 0x0000000706e00000, 0x0000000706e00000| Untracked 
|  34|0x0000000707000000, 0x0000000707000000, 0x0000000707200000|  0%| F|  |TAMS 0x0000000707000000, 0x0000000707000000| Untracked 
|  35|0x0000000707200000, 0x0000000707200000, 0x0000000707400000|  0%| F|  |TAMS 0x0000000707200000, 0x0000000707200000| Untracked 
|  36|0x0000000707400000, 0x0000000707400000, 0x0000000707600000|  0%| F|  |TAMS 0x0000000707400000, 0x0000000707400000| Untracked 
|  37|0x0000000707600000, 0x0000000707600000, 0x0000000707800000|  0%| F|  |TAMS 0x0000000707600000, 0x0000000707600000| Untracked 
|  38|0x0000000707800000, 0x0000000707800000, 0x0000000707a00000|  0%| F|  |TAMS 0x0000000707800000, 0x0000000707800000| Untracked 
|  39|0x0000000707a00000, 0x0000000707a00000, 0x0000000707c00000|  0%| F|  |TAMS 0x0000000707a00000, 0x0000000707a00000| Untracked 
|  40|0x0000000707c00000, 0x0000000707c00000, 0x0000000707e00000|  0%| F|  |TAMS 0x0000000707c00000, 0x0000000707c00000| Untracked 
|  41|0x0000000707e00000, 0x0000000707e00000, 0x0000000708000000|  0%| F|  |TAMS 0x0000000707e00000, 0x0000000707e00000| Untracked 
|  42|0x0000000708000000, 0x0000000708000000, 0x0000000708200000|  0%| F|  |TAMS 0x0000000708000000, 0x0000000708000000| Untracked 
|  43|0x0000000708200000, 0x0000000708200000, 0x0000000708400000|  0%| F|  |TAMS 0x0000000708200000, 0x0000000708200000| Untracked 
|  44|0x0000000708400000, 0x0000000708400000, 0x0000000708600000|  0%| F|  |TAMS 0x0000000708400000, 0x0000000708400000| Untracked 
|  45|0x0000000708600000, 0x0000000708600000, 0x0000000708800000|  0%| F|  |TAMS 0x0000000708600000, 0x0000000708600000| Untracked 
|  46|0x0000000708800000, 0x0000000708800000, 0x0000000708a00000|  0%| F|  |TAMS 0x0000000708800000, 0x0000000708800000| Untracked 
|  47|0x0000000708a00000, 0x0000000708a00000, 0x0000000708c00000|  0%| F|  |TAMS 0x0000000708a00000, 0x0000000708a00000| Untracked 
|  48|0x0000000708c00000, 0x0000000708c00000, 0x0000000708e00000|  0%| F|  |TAMS 0x0000000708c00000, 0x0000000708c00000| Untracked 
|  49|0x0000000708e00000, 0x0000000708e00000, 0x0000000709000000|  0%| F|  |TAMS 0x0000000708e00000, 0x0000000708e00000| Untracked 
|  50|0x0000000709000000, 0x0000000709000000, 0x0000000709200000|  0%| F|  |TAMS 0x0000000709000000, 0x0000000709000000| Untracked 
|  51|0x0000000709200000, 0x0000000709200000, 0x0000000709400000|  0%| F|  |TAMS 0x0000000709200000, 0x0000000709200000| Untracked 
|  52|0x0000000709400000, 0x0000000709400000, 0x0000000709600000|  0%| F|  |TAMS 0x0000000709400000, 0x0000000709400000| Untracked 
|  53|0x0000000709600000, 0x0000000709600000, 0x0000000709800000|  0%| F|  |TAMS 0x0000000709600000, 0x0000000709600000| Untracked 
|  54|0x0000000709800000, 0x0000000709800000, 0x0000000709a00000|  0%| F|  |TAMS 0x0000000709800000, 0x0000000709800000| Untracked 
|  55|0x0000000709a00000, 0x0000000709a00000, 0x0000000709c00000|  0%| F|  |TAMS 0x0000000709a00000, 0x0000000709a00000| Untracked 
|  56|0x0000000709c00000, 0x0000000709c00000, 0x0000000709e00000|  0%| F|  |TAMS 0x0000000709c00000, 0x0000000709c00000| Untracked 
|  57|0x0000000709e00000, 0x0000000709e00000, 0x000000070a000000|  0%| F|  |TAMS 0x0000000709e00000, 0x0000000709e00000| Untracked 
|  58|0x000000070a000000, 0x000000070a000000, 0x000000070a200000|  0%| F|  |TAMS 0x000000070a000000, 0x000000070a000000| Untracked 
|  59|0x000000070a200000, 0x000000070a200000, 0x000000070a400000|  0%| F|  |TAMS 0x000000070a200000, 0x000000070a200000| Untracked 
|  60|0x000000070a400000, 0x000000070a400000, 0x000000070a600000|  0%| F|  |TAMS 0x000000070a400000, 0x000000070a400000| Untracked 
|  61|0x000000070a600000, 0x000000070a600000, 0x000000070a800000|  0%| F|  |TAMS 0x000000070a600000, 0x000000070a600000| Untracked 
|  62|0x000000070a800000, 0x000000070a800000, 0x000000070aa00000|  0%| F|  |TAMS 0x000000070a800000, 0x000000070a800000| Untracked 
|  63|0x000000070aa00000, 0x000000070aa00000, 0x000000070ac00000|  0%| F|  |TAMS 0x000000070aa00000, 0x000000070aa00000| Untracked 
|  64|0x000000070ac00000, 0x000000070ac00000, 0x000000070ae00000|  0%| F|  |TAMS 0x000000070ac00000, 0x000000070ac00000| Untracked 
|  65|0x000000070ae00000, 0x000000070ae00000, 0x000000070b000000|  0%| F|  |TAMS 0x000000070ae00000, 0x000000070ae00000| Untracked 
|  66|0x000000070b000000, 0x000000070b000000, 0x000000070b200000|  0%| F|  |TAMS 0x000000070b000000, 0x000000070b000000| Untracked 
|  67|0x000000070b200000, 0x000000070b200000, 0x000000070b400000|  0%| F|  |TAMS 0x000000070b200000, 0x000000070b200000| Untracked 
|  68|0x000000070b400000, 0x000000070b400000, 0x000000070b600000|  0%| F|  |TAMS 0x000000070b400000, 0x000000070b400000| Untracked 
|  69|0x000000070b600000, 0x000000070b600000, 0x000000070b800000|  0%| F|  |TAMS 0x000000070b600000, 0x000000070b600000| Untracked 
|  70|0x000000070b800000, 0x000000070b800000, 0x000000070ba00000|  0%| F|  |TAMS 0x000000070b800000, 0x000000070b800000| Untracked 
|  71|0x000000070ba00000, 0x000000070ba00000, 0x000000070bc00000|  0%| F|  |TAMS 0x000000070ba00000, 0x000000070ba00000| Untracked 
|  72|0x000000070bc00000, 0x000000070bc00000, 0x000000070be00000|  0%| F|  |TAMS 0x000000070bc00000, 0x000000070bc00000| Untracked 
|  73|0x000000070be00000, 0x000000070be00000, 0x000000070c000000|  0%| F|  |TAMS 0x000000070be00000, 0x000000070be00000| Untracked 
|  74|0x000000070c000000, 0x000000070c000000, 0x000000070c200000|  0%| F|  |TAMS 0x000000070c000000, 0x000000070c000000| Untracked 
|  75|0x000000070c200000, 0x000000070c200000, 0x000000070c400000|  0%| F|  |TAMS 0x000000070c200000, 0x000000070c200000| Untracked 
|  76|0x000000070c400000, 0x000000070c400000, 0x000000070c600000|  0%| F|  |TAMS 0x000000070c400000, 0x000000070c400000| Untracked 
|  77|0x000000070c600000, 0x000000070c600000, 0x000000070c800000|  0%| F|  |TAMS 0x000000070c600000, 0x000000070c600000| Untracked 
|  78|0x000000070c800000, 0x000000070c800000, 0x000000070ca00000|  0%| F|  |TAMS 0x000000070c800000, 0x000000070c800000| Untracked 
|  79|0x000000070ca00000, 0x000000070ca00000, 0x000000070cc00000|  0%| F|  |TAMS 0x000000070ca00000, 0x000000070ca00000| Untracked 
|  80|0x000000070cc00000, 0x000000070cc00000, 0x000000070ce00000|  0%| F|  |TAMS 0x000000070cc00000, 0x000000070cc00000| Untracked 
|  81|0x000000070ce00000, 0x000000070ce00000, 0x000000070d000000|  0%| F|  |TAMS 0x000000070ce00000, 0x000000070ce00000| Untracked 
|  82|0x000000070d000000, 0x000000070d000000, 0x000000070d200000|  0%| F|  |TAMS 0x000000070d000000, 0x000000070d000000| Untracked 
|  83|0x000000070d200000, 0x000000070d200000, 0x000000070d400000|  0%| F|  |TAMS 0x000000070d200000, 0x000000070d200000| Untracked 
|  84|0x000000070d400000, 0x000000070d400000, 0x000000070d600000|  0%| F|  |TAMS 0x000000070d400000, 0x000000070d400000| Untracked 
|  85|0x000000070d600000, 0x000000070d600000, 0x000000070d800000|  0%| F|  |TAMS 0x000000070d600000, 0x000000070d600000| Untracked 
|  86|0x000000070d800000, 0x000000070d800000, 0x000000070da00000|  0%| F|  |TAMS 0x000000070d800000, 0x000000070d800000| Untracked 
|  87|0x000000070da00000, 0x000000070da00000, 0x000000070dc00000|  0%| F|  |TAMS 0x000000070da00000, 0x000000070da00000| Untracked 
|  88|0x000000070dc00000, 0x000000070dc00000, 0x000000070de00000|  0%| F|  |TAMS 0x000000070dc00000, 0x000000070dc00000| Untracked 
|  89|0x000000070de00000, 0x000000070de00000, 0x000000070e000000|  0%| F|  |TAMS 0x000000070de00000, 0x000000070de00000| Untracked 
|  90|0x000000070e000000, 0x000000070e000000, 0x000000070e200000|  0%| F|  |TAMS 0x000000070e000000, 0x000000070e000000| Untracked 
|  91|0x000000070e200000, 0x000000070e200000, 0x000000070e400000|  0%| F|  |TAMS 0x000000070e200000, 0x000000070e200000| Untracked 
|  92|0x000000070e400000, 0x000000070e400000, 0x000000070e600000|  0%| F|  |TAMS 0x000000070e400000, 0x000000070e400000| Untracked 
|  93|0x000000070e600000, 0x000000070e600000, 0x000000070e800000|  0%| F|  |TAMS 0x000000070e600000, 0x000000070e600000| Untracked 
|  94|0x000000070e800000, 0x000000070e800000, 0x000000070ea00000|  0%| F|  |TAMS 0x000000070e800000, 0x000000070e800000| Untracked 
|  95|0x000000070ea00000, 0x000000070ea00000, 0x000000070ec00000|  0%| F|  |TAMS 0x000000070ea00000, 0x000000070ea00000| Untracked 
|  96|0x000000070ec00000, 0x000000070ec00000, 0x000000070ee00000|  0%| F|  |TAMS 0x000000070ec00000, 0x000000070ec00000| Untracked 
|  97|0x000000070ee00000, 0x000000070ee00000, 0x000000070f000000|  0%| F|  |TAMS 0x000000070ee00000, 0x000000070ee00000| Untracked 
|  98|0x000000070f000000, 0x000000070f000000, 0x000000070f200000|  0%| F|  |TAMS 0x000000070f000000, 0x000000070f000000| Untracked 
|  99|0x000000070f200000, 0x000000070f200000, 0x000000070f400000|  0%| F|  |TAMS 0x000000070f200000, 0x000000070f200000| Untracked 
| 100|0x000000070f400000, 0x000000070f400000, 0x000000070f600000|  0%| F|  |TAMS 0x000000070f400000, 0x000000070f400000| Untracked 
| 101|0x000000070f600000, 0x000000070f600000, 0x000000070f800000|  0%| F|  |TAMS 0x000000070f600000, 0x000000070f600000| Untracked 
| 102|0x000000070f800000, 0x000000070f800000, 0x000000070fa00000|  0%| F|  |TAMS 0x000000070f800000, 0x000000070f800000| Untracked 
| 103|0x000000070fa00000, 0x000000070fa00000, 0x000000070fc00000|  0%| F|  |TAMS 0x000000070fa00000, 0x000000070fa00000| Untracked 
| 104|0x000000070fc00000, 0x000000070fc00000, 0x000000070fe00000|  0%| F|  |TAMS 0x000000070fc00000, 0x000000070fc00000| Untracked 
| 105|0x000000070fe00000, 0x000000070fe00000, 0x0000000710000000|  0%| F|  |TAMS 0x000000070fe00000, 0x000000070fe00000| Untracked 
| 106|0x0000000710000000, 0x0000000710000000, 0x0000000710200000|  0%| F|  |TAMS 0x0000000710000000, 0x0000000710000000| Untracked 
| 107|0x0000000710200000, 0x0000000710200000, 0x0000000710400000|  0%| F|  |TAMS 0x0000000710200000, 0x0000000710200000| Untracked 
| 108|0x0000000710400000, 0x0000000710400000, 0x0000000710600000|  0%| F|  |TAMS 0x0000000710400000, 0x0000000710400000| Untracked 
| 109|0x0000000710600000, 0x0000000710600000, 0x0000000710800000|  0%| F|  |TAMS 0x0000000710600000, 0x0000000710600000| Untracked 
| 110|0x0000000710800000, 0x0000000710800000, 0x0000000710a00000|  0%| F|  |TAMS 0x0000000710800000, 0x0000000710800000| Untracked 
| 111|0x0000000710a00000, 0x0000000710a00000, 0x0000000710c00000|  0%| F|  |TAMS 0x0000000710a00000, 0x0000000710a00000| Untracked 
| 112|0x0000000710c00000, 0x0000000710c00000, 0x0000000710e00000|  0%| F|  |TAMS 0x0000000710c00000, 0x0000000710c00000| Untracked 
| 113|0x0000000710e00000, 0x0000000710f36750, 0x0000000711000000| 60%| E|  |TAMS 0x0000000710e00000, 0x0000000710e00000| Complete 
| 114|0x0000000711000000, 0x00000007110ad2a0, 0x0000000711200000| 33%| S|CS|TAMS 0x0000000711000000, 0x0000000711000000| Complete 
| 115|0x0000000711200000, 0x0000000711400000, 0x0000000711400000|100%| S|CS|TAMS 0x0000000711200000, 0x0000000711200000| Complete 
| 116|0x0000000711400000, 0x0000000711600000, 0x0000000711600000|100%| E|CS|TAMS 0x0000000711400000, 0x0000000711400000| Complete 
| 117|0x0000000711600000, 0x0000000711800000, 0x0000000711800000|100%| E|CS|TAMS 0x0000000711600000, 0x0000000711600000| Complete 
| 118|0x0000000711800000, 0x0000000711a00000, 0x0000000711a00000|100%| E|CS|TAMS 0x0000000711800000, 0x0000000711800000| Complete 
| 119|0x0000000711a00000, 0x0000000711c00000, 0x0000000711c00000|100%| E|CS|TAMS 0x0000000711a00000, 0x0000000711a00000| Complete 
| 120|0x0000000711c00000, 0x0000000711e00000, 0x0000000711e00000|100%| E|CS|TAMS 0x0000000711c00000, 0x0000000711c00000| Complete 
| 121|0x0000000711e00000, 0x0000000712000000, 0x0000000712000000|100%| E|CS|TAMS 0x0000000711e00000, 0x0000000711e00000| Complete 
| 122|0x0000000712000000, 0x0000000712200000, 0x0000000712200000|100%| E|CS|TAMS 0x0000000712000000, 0x0000000712000000| Complete 
| 123|0x0000000712200000, 0x0000000712400000, 0x0000000712400000|100%| E|CS|TAMS 0x0000000712200000, 0x0000000712200000| Complete 
| 124|0x0000000712400000, 0x0000000712600000, 0x0000000712600000|100%| E|CS|TAMS 0x0000000712400000, 0x0000000712400000| Complete 
| 125|0x0000000712600000, 0x0000000712800000, 0x0000000712800000|100%| E|CS|TAMS 0x0000000712600000, 0x0000000712600000| Complete 
| 126|0x0000000712800000, 0x0000000712a00000, 0x0000000712a00000|100%| E|CS|TAMS 0x0000000712800000, 0x0000000712800000| Complete 

Card table byte_map: [0x000001c8ebbb0000,0x000001c8ec3a0000] _byte_map_base: 0x000001c8e839a000

Marking Bits (Prev, Next): (CMBitMap*) 0x000001c8d6ae9350, (CMBitMap*) 0x000001c8d6ae9390
 Prev Bits: [0x000001c8ecb90000, 0x000001c8f0ae0000)
 Next Bits: [0x000001c8f0ae0000, 0x000001c8f4a30000)

Polling page: 0x000001c8d6b40000

Metaspace:

Usage:
  Non-class:     15.76 MB used.
      Class:      1.81 MB used.
       Both:     17.57 MB used.

Virtual space:
  Non-class space:       24.00 MB reserved,      15.88 MB ( 66%) committed,  3 nodes.
      Class space:        1.00 GB reserved,       1.88 MB ( <1%) committed,  1 nodes.
             Both:        1.02 GB reserved,      17.75 MB (  2%) committed. 

Chunk freelists:
   Non-Class:  3.52 MB
       Class:  1.95 MB
        Both:  5.47 MB

MaxMetaspaceSize: unlimited
CompressedClassSpaceSize: 1.00 GB
Initial GC threshold: 21.00 MB
Current GC threshold: 21.00 MB
CDS: off
MetaspaceReclaimPolicy: balanced
 - commit_granule_bytes: 65536.
 - commit_granule_words: 8192.
 - virtual_space_node_default_size: 1048576.
 - enlarge_chunks_in_place: 1.
 - new_chunks_are_fully_committed: 0.
 - uncommit_free_chunks: 1.
 - use_allocation_guard: 0.
 - handle_deallocations: 1.


Internal statistics:

num_allocs_failed_limit: 0.
num_arena_births: 118.
num_arena_deaths: 0.
num_vsnodes_births: 4.
num_vsnodes_deaths: 0.
num_space_committed: 284.
num_space_uncommitted: 0.
num_chunks_returned_to_freelist: 0.
num_chunks_taken_from_freelist: 467.
num_chunk_merges: 0.
num_chunk_splits: 372.
num_chunks_enlarged: 312.
num_purges: 0.
num_inconsistent_stats: 0.

CodeHeap 'non-profiled nmethods': size=120000Kb used=492Kb max_used=492Kb free=119507Kb
 bounds [0x000001c8e3210000, 0x000001c8e3480000, 0x000001c8ea740000]
CodeHeap 'profiled nmethods': size=120000Kb used=2866Kb max_used=2866Kb free=117133Kb
 bounds [0x000001c8db740000, 0x000001c8dba10000, 0x000001c8e2c70000]
CodeHeap 'non-nmethods': size=5760Kb used=1185Kb max_used=1201Kb free=4574Kb
 bounds [0x000001c8e2c70000, 0x000001c8e2ee0000, 0x000001c8e3210000]
 total_blobs=2035 nmethods=1558 adapters=389
 compilation: enabled
              stopped_count=0, restarted_count=0
 full_count=0

Compilation events (20 events):
Event: 0.845 Thread 0x000001c8f80bb970 nmethod 1527 0x000001c8db9fc390 code [0x000001c8db9fc660, 0x000001c8db9fd568]
Event: 0.845 Thread 0x000001c8f80bb970 1528       3       jdk.internal.org.objectweb.asm.ByteVector::enlarge (51 bytes)
Event: 0.845 Thread 0x000001c8f80bb970 nmethod 1528 0x000001c8db9fd990 code [0x000001c8db9fdb40, 0x000001c8db9fde68]
Event: 0.845 Thread 0x000001c8f80bb970 1529       3       java.lang.invoke.LambdaForm::forceInterpretation (14 bytes)
Event: 0.845 Thread 0x000001c8f80bb970 nmethod 1529 0x000001c8db9fdf90 code [0x000001c8db9fe120, 0x000001c8db9fe298]
Event: 0.852 Thread 0x000001c8f80bb970 1530       3       java.security.CodeSource::getCertificates (98 bytes)
Event: 0.853 Thread 0x000001c8f80bb970 nmethod 1530 0x000001c8db9fe310 code [0x000001c8db9fe580, 0x000001c8db9ff298]
Event: 0.863 Thread 0x000001c8f80bb970 1531   !   3       java.lang.ClassLoader::addClass (27 bytes)
Event: 0.864 Thread 0x000001c8f80bb970 nmethod 1531 0x000001c8db9ff590 code [0x000001c8db9ff760, 0x000001c8db9ffda8]
Event: 0.867 Thread 0x000001c8f8256ac0 1532 % !   4       java.util.concurrent.ConcurrentHashMap::transfer @ 96 (849 bytes)
Event: 0.869 Thread 0x000001c8f80b9510 1533   !   4       java.util.zip.Inflater::inflate (418 bytes)
Event: 0.872 Thread 0x000001c8f80b9510 nmethod 1533 0x000001c8e3288d90 code [0x000001c8e3288f40, 0x000001c8e3289678]
Event: 0.874 Thread 0x000001c8f80bb970 1534       3       java.lang.invoke.Invokers::checkExactType (17 bytes)
Event: 0.874 Thread 0x000001c8f80bb970 nmethod 1534 0x000001c8dba00110 code [0x000001c8dba002c0, 0x000001c8dba004c8]
Event: 0.874 Thread 0x000001c8f80bb970 1535   !   3       org.jetbrains.kotlin.com.intellij.util.containers.ConcurrentIntObjectHashMap::tabAt (33 bytes)
Event: 0.875 Thread 0x000001c8f80bb970 nmethod 1535 0x000001c8dba00610 code [0x000001c8dba00840, 0x000001c8dba014c8]
Event: 0.875 Thread 0x000001c8f80bb970 1537       3       java.lang.invoke.MethodHandle::maybeCustomize (38 bytes)
Event: 0.875 Thread 0x000001c8f80bb970 nmethod 1537 0x000001c8dba01790 code [0x000001c8dba01960, 0x000001c8dba01e48]
Event: 0.875 Thread 0x000001c8f80bb970 1536       3       java.lang.invoke.LambdaForm$MH/0x00000008001ac000::invokeExact_MT (25 bytes)
Event: 0.875 Thread 0x000001c8f80bb970 nmethod 1536 0x000001c8dba02010 code [0x000001c8dba02220, 0x000001c8dba029b8]

GC Heap History (2 events):
Event: 0.521 GC heap before
{Heap before GC invocations=0 (full 0):
 garbage-first heap   total 260096K, used 24576K [0x0000000702c00000, 0x0000000800000000)
  region size 2048K, 11 young (22528K), 0 survivors (0K)
 Metaspace       used 12874K, committed 12992K, reserved 1064960K
  class space    used 1226K, committed 1280K, reserved 1048576K
}
Event: 0.523 GC heap after
{Heap after GC invocations=1 (full 0):
 garbage-first heap   total 260096K, used 6836K [0x0000000702c00000, 0x0000000800000000)
  region size 2048K, 2 young (4096K), 2 survivors (4096K)
 Metaspace       used 12874K, committed 12992K, reserved 1064960K
  class space    used 1226K, committed 1280K, reserved 1048576K
}

Dll operation events (1 events):
Event: 0.006 Loaded shared library C:\Program Files\Android\Android Studio\jbr\bin\java.dll

Deoptimization events (20 events):
Event: 0.587 Thread 0x000001c8d6a7a780 DEOPT PACKING pc=0x000001c8e3241338 sp=0x000000b6795fc150
Event: 0.587 Thread 0x000001c8d6a7a780 DEOPT UNPACKING pc=0x000001c8e2cc69a3 sp=0x000000b6795fc038 mode 2
Event: 0.598 Thread 0x000001c8d6a7a780 Uncommon trap: trap_request=0xffffff45 fr.pc=0x000001c8e3239ac8 relative=0x0000000000000388
Event: 0.598 Thread 0x000001c8d6a7a780 Uncommon trap: reason=unstable_if action=reinterpret pc=0x000001c8e3239ac8 method=java.util.concurrent.ConcurrentHashMap.get(Ljava/lang/Object;)Ljava/lang/Object; @ 76 c2
Event: 0.598 Thread 0x000001c8d6a7a780 DEOPT PACKING pc=0x000001c8e3239ac8 sp=0x000000b6795fc620
Event: 0.598 Thread 0x000001c8d6a7a780 DEOPT UNPACKING pc=0x000001c8e2cc69a3 sp=0x000000b6795fc5a8 mode 2
Event: 0.670 Thread 0x000001c8d6a7a780 Uncommon trap: trap_request=0xffffffc6 fr.pc=0x000001c8e3241338 relative=0x0000000000000538
Event: 0.670 Thread 0x000001c8d6a7a780 Uncommon trap: reason=bimorphic_or_optimized_type_check action=maybe_recompile pc=0x000001c8e3241338 method=kotlin.reflect.jvm.internal.impl.protobuf.CodedInputStream.tryRefillBuffer(I)Z @ 175 c2
Event: 0.670 Thread 0x000001c8d6a7a780 DEOPT PACKING pc=0x000001c8e3241338 sp=0x000000b6795fbe40
Event: 0.670 Thread 0x000001c8d6a7a780 DEOPT UNPACKING pc=0x000001c8e2cc69a3 sp=0x000000b6795fbd28 mode 2
Event: 0.714 Thread 0x000001c8d6a7a780 Uncommon trap: trap_request=0xffffff45 fr.pc=0x000001c8e3231e2c relative=0x000000000000028c
Event: 0.714 Thread 0x000001c8d6a7a780 Uncommon trap: reason=unstable_if action=reinterpret pc=0x000001c8e3231e2c method=java.lang.String.startsWith(Ljava/lang/String;I)Z @ 14 c2
Event: 0.714 Thread 0x000001c8d6a7a780 DEOPT PACKING pc=0x000001c8e3231e2c sp=0x000000b6795fd020
Event: 0.714 Thread 0x000001c8d6a7a780 DEOPT UNPACKING pc=0x000001c8e2cc69a3 sp=0x000000b6795fcf80 mode 2
Event: 0.769 Thread 0x000001c8d6a7a780 DEOPT PACKING pc=0x000001c8db97f834 sp=0x000000b6795fe1f0
Event: 0.769 Thread 0x000001c8d6a7a780 DEOPT UNPACKING pc=0x000001c8e2cc7143 sp=0x000000b6795fd7c0 mode 0
Event: 0.821 Thread 0x000001c8d6a7a780 Uncommon trap: trap_request=0xffffff45 fr.pc=0x000001c8e324da58 relative=0x00000000000000b8
Event: 0.821 Thread 0x000001c8d6a7a780 Uncommon trap: reason=unstable_if action=reinterpret pc=0x000001c8e324da58 method=java.lang.Integer.valueOf(I)Ljava/lang/Integer; @ 3 c2
Event: 0.821 Thread 0x000001c8d6a7a780 DEOPT PACKING pc=0x000001c8e324da58 sp=0x000000b6795fcd50
Event: 0.821 Thread 0x000001c8d6a7a780 DEOPT UNPACKING pc=0x000001c8e2cc69a3 sp=0x000000b6795fcce8 mode 2

Classes unloaded (0 events):
No events

Classes redefined (0 events):
No events

Internal exceptions (11 events):
Event: 0.737 Thread 0x000001c8d6a7a780 Exception <a 'java/lang/NoSuchMethodError'{0x0000000711be2870}: 'java.lang.Object java.lang.invoke.DirectMethodHandle$Holder.newInvokeSpecial(java.lang.Object, java.lang.Object, java.lang.Object, java.lang.Object, java.lang.Object)'> (0x0000000711be2870) 
thrown [s\src\hotspot\share\interpreter\linkResolver.cpp, line 771]
Event: 0.801 Thread 0x000001c8d6a7a780 Exception <a 'java/lang/NoSuchMethodError'{0x00000007117ae3b0}: 'int java.lang.invoke.DelegatingMethodHandle$Holder.reinvoke_L(java.lang.Object, java.lang.Object, java.lang.Object, long, int, int)'> (0x00000007117ae3b0) 
thrown [s\src\hotspot\share\interpreter\linkResolver.cpp, line 771]
Event: 0.803 Thread 0x000001c8d6a7a780 Exception <a 'java/lang/NoSuchMethodError'{0x00000007117bd7b8}: 'int java.lang.invoke.DelegatingMethodHandle$Holder.reinvoke_L(java.lang.Object, java.lang.Object, java.lang.Object, long, long, long)'> (0x00000007117bd7b8) 
thrown [s\src\hotspot\share\interpreter\linkResolver.cpp, line 771]
Event: 0.804 Thread 0x000001c8d6a7a780 Exception <a 'java/lang/NoSuchMethodError'{0x00000007117cc3f8}: 'int java.lang.invoke.DelegatingMethodHandle$Holder.reinvoke_L(java.lang.Object, java.lang.Object, java.lang.Object, long, java.lang.Object, java.lang.Object)'> (0x00000007117cc3f8) 
thrown [s\src\hotspot\share\interpreter\linkResolver.cpp, line 771]
Event: 0.805 Thread 0x000001c8d6a7a780 Exception <a 'java/lang/NoSuchMethodError'{0x00000007117db1f0}: 'void java.lang.invoke.DelegatingMethodHandle$Holder.reinvoke_L(java.lang.Object, java.lang.Object, java.lang.Object, long, java.lang.Object)'> (0x00000007117db1f0) 
thrown [s\src\hotspot\share\interpreter\linkResolver.cpp, line 771]
Event: 0.806 Thread 0x000001c8d6a7a780 Exception <a 'java/lang/NoSuchMethodError'{0x00000007117e2e28}: 'java.lang.Object java.lang.invoke.DirectMethodHandle$Holder.invokeSpecial(java.lang.Object, java.lang.Object, java.lang.Object, java.lang.Object, long)'> (0x00000007117e2e28) 
thrown [s\src\hotspot\share\interpreter\linkResolver.cpp, line 771]
Event: 0.807 Thread 0x000001c8d6a7a780 Exception <a 'java/lang/NoSuchMethodError'{0x00000007117fb588}: 'long java.lang.invoke.Invokers$Holder.invoke_MT(java.lang.Object, java.lang.Object, java.lang.Object, java.lang.Object)'> (0x00000007117fb588) 
thrown [s\src\hotspot\share\interpreter\linkResolver.cpp, line 771]
Event: 0.808 Thread 0x000001c8d6a7a780 Exception <a 'java/lang/NoSuchMethodError'{0x00000007114074e0}: 'int java.lang.invoke.DirectMethodHandle$Holder.invokeSpecial(java.lang.Object, java.lang.Object, java.lang.Object)'> (0x00000007114074e0) 
thrown [s\src\hotspot\share\interpreter\linkResolver.cpp, line 771]
Event: 0.809 Thread 0x000001c8d6a7a780 Exception <a 'java/lang/NoSuchMethodError'{0x000000071140b510}: 'int java.lang.invoke.DirectMethodHandle$Holder.invokeSpecial(java.lang.Object, java.lang.Object, java.lang.Object, java.lang.Object)'> (0x000000071140b510) 
thrown [s\src\hotspot\share\interpreter\linkResolver.cpp, line 771]
Event: 0.809 Thread 0x000001c8d6a7a780 Exception <a 'java/lang/NoSuchMethodError'{0x000000071140eb78}: 'int java.lang.invoke.Invokers$Holder.invoke_MT(java.lang.Object, java.lang.Object, java.lang.Object, java.lang.Object)'> (0x000000071140eb78) 
thrown [s\src\hotspot\share\interpreter\linkResolver.cpp, line 771]
Event: 0.810 Thread 0x000001c8d6a7a780 Exception <a 'java/lang/NoSuchMethodError'{0x000000071141e798}: 'int java.lang.invoke.DelegatingMethodHandle$Holder.reinvoke_L(java.lang.Object, java.lang.Object, java.lang.Object, long, int)'> (0x000000071141e798) 
thrown [s\src\hotspot\share\interpreter\linkResolver.cpp, line 771]

VM Operations (16 events):
Event: 0.127 Executing VM operation: HandshakeAllThreads
Event: 0.127 Executing VM operation: HandshakeAllThreads done
Event: 0.257 Executing VM operation: HandshakeAllThreads
Event: 0.257 Executing VM operation: HandshakeAllThreads done
Event: 0.391 Executing VM operation: HandshakeAllThreads
Event: 0.391 Executing VM operation: HandshakeAllThreads done
Event: 0.521 Executing VM operation: G1CollectForAllocation
Event: 0.523 Executing VM operation: G1CollectForAllocation done
Event: 0.590 Executing VM operation: HandshakeAllThreads
Event: 0.590 Executing VM operation: HandshakeAllThreads done
Event: 0.699 Executing VM operation: ICBufferFull
Event: 0.699 Executing VM operation: ICBufferFull done
Event: 0.768 Executing VM operation: HandshakeAllThreads
Event: 0.769 Executing VM operation: HandshakeAllThreads done
Event: 0.847 Executing VM operation: HandshakeAllThreads
Event: 0.847 Executing VM operation: HandshakeAllThreads done

Events (20 events):
Event: 0.834 loading class java/util/logging/LogManager$4
Event: 0.834 loading class java/util/logging/LogManager$4 done
Event: 0.834 loading class java/util/logging/Logger$SystemLoggerHelper
Event: 0.834 loading class java/util/logging/Logger$SystemLoggerHelper done
Event: 0.834 loading class java/util/logging/Logger$SystemLoggerHelper$1
Event: 0.834 loading class java/util/logging/Logger$SystemLoggerHelper$1 done
Event: 0.834 loading class jdk/internal/logger/DefaultLoggerFinder$1
Event: 0.834 loading class jdk/internal/logger/DefaultLoggerFinder$1 done
Event: 0.844 loading class java/lang/invoke/MethodHandle$1
Event: 0.844 loading class java/lang/invoke/MethodHandle$1 done
Event: 0.847 loading class java/util/Stack
Event: 0.847 loading class java/util/Vector
Event: 0.847 loading class java/util/Vector done
Event: 0.847 loading class java/util/Stack done
Event: 0.848 loading class java/math/BigInteger
Event: 0.848 loading class java/math/BigInteger done
Event: 0.849 loading class java/lang/StrictMath
Event: 0.849 loading class java/lang/StrictMath done
Event: 0.849 loading class java/math/MutableBigInteger
Event: 0.849 loading class java/math/MutableBigInteger done


Dynamic libraries:
0x00007ff6ffd10000 - 0x00007ff6ffd1a000 	C:\Program Files\Android\Android Studio\jbr\bin\java.exe
0x00007ffa74f70000 - 0x00007ffa75184000 	C:\WINDOWS\SYSTEM32\ntdll.dll
0x00007ffa73fe0000 - 0x00007ffa740a4000 	C:\WINDOWS\System32\KERNEL32.DLL
0x00007ffa72400000 - 0x00007ffa727a4000 	C:\WINDOWS\System32\KERNELBASE.dll
0x00007ffa727b0000 - 0x00007ffa728c1000 	C:\WINDOWS\System32\ucrtbase.dll
0x00007ffa577d0000 - 0x00007ffa577e7000 	C:\Program Files\Android\Android Studio\jbr\bin\jli.dll
0x00007ffa6ecd0000 - 0x00007ffa6eceb000 	C:\Program Files\Android\Android Studio\jbr\bin\VCRUNTIME140.dll
0x00007ffa72e90000 - 0x00007ffa7303a000 	C:\WINDOWS\System32\USER32.dll
0x00007ffa53980000 - 0x00007ffa53c0f000 	C:\WINDOWS\WinSxS\amd64_microsoft.windows.common-controls_6595b64144ccf1df_6.0.22621.2070_none_2713e6537381f706\COMCTL32.dll
0x00007ffa72350000 - 0x00007ffa72376000 	C:\WINDOWS\System32\win32u.dll
0x00007ffa73e30000 - 0x00007ffa73ed7000 	C:\WINDOWS\System32\msvcrt.dll
0x00007ffa72e60000 - 0x00007ffa72e89000 	C:\WINDOWS\System32\GDI32.dll
0x00007ffa72c10000 - 0x00007ffa72d29000 	C:\WINDOWS\System32\gdi32full.dll
0x00007ffa72940000 - 0x00007ffa729da000 	C:\WINDOWS\System32\msvcp_win.dll
0x00007ffa74ef0000 - 0x00007ffa74f21000 	C:\WINDOWS\System32\IMM32.DLL
0x00007ffa6ecc0000 - 0x00007ffa6eccc000 	C:\Program Files\Android\Android Studio\jbr\bin\vcruntime140_1.dll
0x00007ffa27550000 - 0x00007ffa275dd000 	C:\Program Files\Android\Android Studio\jbr\bin\msvcp140.dll
0x00007ffa0b510000 - 0x00007ffa0c17e000 	C:\Program Files\Android\Android Studio\jbr\bin\server\jvm.dll
0x00007ffa737e0000 - 0x00007ffa73890000 	C:\WINDOWS\System32\ADVAPI32.dll
0x00007ffa74190000 - 0x00007ffa74236000 	C:\WINDOWS\System32\sechost.dll
0x00007ffa73540000 - 0x00007ffa73657000 	C:\WINDOWS\System32\RPCRT4.dll
0x00007ffa6b1f0000 - 0x00007ffa6b224000 	C:\WINDOWS\SYSTEM32\WINMM.dll
0x00007ff9f1290000 - 0x00007ff9f1299000 	C:\WINDOWS\SYSTEM32\WSOCK32.dll
0x00007ffa73200000 - 0x00007ffa73271000 	C:\WINDOWS\System32\WS2_32.dll
0x00007ffa6b6e0000 - 0x00007ffa6b6ea000 	C:\WINDOWS\SYSTEM32\VERSION.dll
0x00007ffa71430000 - 0x00007ffa71448000 	C:\WINDOWS\SYSTEM32\kernel.appcore.dll
0x00007ffa6c890000 - 0x00007ffa6c89a000 	C:\Program Files\Android\Android Studio\jbr\bin\jimage.dll
0x00007ffa5e730000 - 0x00007ffa5e95e000 	C:\WINDOWS\SYSTEM32\DBGHELP.DLL
0x00007ffa73a30000 - 0x00007ffa73dba000 	C:\WINDOWS\System32\combase.dll
0x00007ffa740b0000 - 0x00007ffa74187000 	C:\WINDOWS\System32\OLEAUT32.dll
0x00007ffa58a60000 - 0x00007ffa58a92000 	C:\WINDOWS\SYSTEM32\dbgcore.DLL
0x00007ffa72380000 - 0x00007ffa723fa000 	C:\WINDOWS\System32\bcryptPrimitives.dll
0x00007ffa5a040000 - 0x00007ffa5a065000 	C:\Program Files\Android\Android Studio\jbr\bin\java.dll
0x00007ffa59aa0000 - 0x00007ffa59ab8000 	C:\Program Files\Android\Android Studio\jbr\bin\zip.dll
0x00007ffa746d0000 - 0x00007ffa74ee6000 	C:\WINDOWS\System32\SHELL32.dll
0x00007ffa70330000 - 0x00007ffa70c1a000 	C:\WINDOWS\SYSTEM32\windows.storage.dll
0x00007ffa701f0000 - 0x00007ffa7032e000 	C:\WINDOWS\SYSTEM32\wintypes.dll
0x00007ffa73ee0000 - 0x00007ffa73fd3000 	C:\WINDOWS\System32\SHCORE.dll
0x00007ffa739c0000 - 0x00007ffa73a1e000 	C:\WINDOWS\System32\shlwapi.dll
0x00007ffa72280000 - 0x00007ffa722a6000 	C:\WINDOWS\SYSTEM32\profapi.dll
0x00007ffa596c0000 - 0x00007ffa596d9000 	C:\Program Files\Android\Android Studio\jbr\bin\net.dll
0x00007ffa6b560000 - 0x00007ffa6b697000 	C:\WINDOWS\SYSTEM32\WINHTTP.dll
0x00007ffa71900000 - 0x00007ffa71969000 	C:\WINDOWS\system32\mswsock.dll
0x00007ffa596a0000 - 0x00007ffa596b6000 	C:\Program Files\Android\Android Studio\jbr\bin\nio.dll

dbghelp: loaded successfully - version: 4.0.5 - missing functions: none
symbol engine: initialized successfully - sym options: 0x614 - pdb path: .;C:\Program Files\Android\Android Studio\jbr\bin;C:\WINDOWS\SYSTEM32;C:\WINDOWS\WinSxS\amd64_microsoft.windows.common-controls_6595b64144ccf1df_6.0.22621.2070_none_2713e6537381f706;C:\Program Files\Android\Android Studio\jbr\bin\server

VM Arguments:
java_command: org.jetbrains.kotlin.cli.jvm.K2JVMCompiler @F:\androiddd\SalaCount\app\build\20230815_11260563713652411480.compiler.options
java_class_path (initial): C:\Users\Dendi\.gradle\caches\modules-2\files-2.1\org.jetbrains.kotlin\kotlin-compiler-embeddable\1.8.0\eb9118d4bcceaa2a94b2ae2a33a4ddba7c9a947f\kotlin-compiler-embeddable-1.8.0.jar;C:\Users\Dendi\.gradle\caches\modules-2\files-2.1\org.jetbrains.kotlin\kotlin-stdlib\1.8.0\1796921c7a3e2e2665a83e6c8d33399336cd39bc\kotlin-stdlib-1.8.0.jar;C:\Users\Dendi\.gradle\caches\modules-2\files-2.1\org.jetbrains.kotlin\kotlin-script-runtime\1.8.0\b2f7e760d283cb339974851c222a4c1d48f2d3d\kotlin-script-runtime-1.8.0.jar;C:\Users\Dendi\.gradle\caches\modules-2\files-2.1\org.jetbrains.kotlin\kotlin-reflect\1.6.10\1cbe9c92c12a94eea200d23c2bbaedaf3daf5132\kotlin-reflect-1.6.10.jar;C:\Users\Dendi\.gradle\caches\modules-2\files-2.1\org.jetbrains.kotlin\kotlin-daemon-embeddable\1.8.0\d255216c551685dc3a7e852b53617f5f01aaaa5c\kotlin-daemon-embeddable-1.8.0.jar;C:\Users\Dendi\.gradle\caches\modules-2\files-2.1\org.jetbrains.intellij.deps\trove4j\1.0.20200330\3afb14d5f9ceb459d724e907a21145e8ff394f02\trove4j-1.0.20200330.jar;C:\Users\Dendi\.gradle\caches\modules-2\files-2.1\net.java.dev.jna\jna\5.6.0\330f2244e9030119ab3030fc3fededc86713d9cc\jna-5.6.0.jar;C:\Users\Dendi\.gradle\caches\modules-2\files-2.1\org.jetbrains.kotlin\kotlin-stdlib-common\1.8.0\f7197e7cc76453ac59f8b0f8d5137cc600becd36\kotlin-stdlib-common-1.8.0.jar;C:\Users\Dendi\.gradle\caches\modules-2\files-2.1\org.jetbrains\annotations\13.0\919f0dfe192fb4e063e7dacadee7f8bb9a2672a9\annotations-13.0.jar
Launcher Type: SUN_STANDARD

[Global flags]
     intx CICompilerCount                          = 4                                         {product} {ergonomic}
     uint ConcGCThreads                            = 3                                         {product} {ergonomic}
     uint G1ConcRefinementThreads                  = 10                                        {product} {ergonomic}
   size_t G1HeapRegionSize                         = 2097152                                   {product} {ergonomic}
    uintx GCDrainStackTargetSize                   = 64                                        {product} {ergonomic}
   size_t InitialHeapSize                          = 266338304                                 {product} {ergonomic}
   size_t MarkStackSize                            = 4194304                                   {product} {ergonomic}
   size_t MaxHeapSize                              = 4248829952                                {product} {ergonomic}
   size_t MaxNewSize                               = 2548039680                                {product} {ergonomic}
   size_t MinHeapDeltaBytes                        = 2097152                                   {product} {ergonomic}
   size_t MinHeapSize                              = 8388608                                   {product} {ergonomic}
    uintx NonNMethodCodeHeapSize                   = 5839372                                {pd product} {ergonomic}
    uintx NonProfiledCodeHeapSize                  = 122909434                              {pd product} {ergonomic}
    uintx ProfiledCodeHeapSize                     = 122909434                              {pd product} {ergonomic}
    uintx ReservedCodeCacheSize                    = 251658240                              {pd product} {ergonomic}
     bool SegmentedCodeCache                       = true                                      {product} {ergonomic}
   size_t SoftMaxHeapSize                          = 4248829952                             {manageable} {ergonomic}
     bool UseCompressedClassPointers               = true                           {product lp64_product} {ergonomic}
     bool UseCompressedOops                        = true                           {product lp64_product} {ergonomic}
     bool UseG1GC                                  = true                                      {product} {ergonomic}
     bool UseLargePagesIndividualAllocation        = false                                  {pd product} {ergonomic}

Logging:
Log output configuration:
 #0: stdout all=warning uptime,level,tags
 #1: stderr all=off uptime,level,tags

Environment Variables:
JAVA_HOME=C:\Program Files\Amazon Corretto\jdk17.0.2_8
PATH=C:\Program Files\Amazon Corretto\jdk17.0.2_8\bin;C:\Program Files (x86)\Common Files\Oracle\Java\javapath;C:\Program Files\Amazon Corretto\jdk11.0.13_8\bin;C:\Program Files\Common Files\Oracle\Java\javapath;C:\Windows\system32;C:\Windows;C:\Windows\System32\Wbem;C:\Windows\System32\WindowsPowerShell\v1.0\;C:\Windows\System32\OpenSSH\;C:\Program Files (x86)\NVIDIA Corporation\PhysX\Common;C:\Program Files\NVIDIA Corporation\NVIDIA NvDLISR;C:\Program Files\Java\jdk-17;C:\Program Files\dotnet\;C:\ProgramData\ComposerSetup\bin;C:\Program Files\PuTTY\;C:\Program Files\Git\cmd;C:\Program Files\nodejs\;%SystemRoot%\system32;%SystemRoot%;%SystemRoot%\System32\Wbem;%SYSTEMROOT%\System32\WindowsPowerShell\v1.0\;%SYSTEMROOT%\System32\OpenSSH\;C:\Users\Dendi\AppData\Local\Microsoft\WindowsApps;C:\Program Files\JetBrains\IntelliJ IDEA Community Edition 2021.2.1\bin;;C:\Users\Dendi\AppData\Local\Programs\Microsoft VS Code\bin;C:\FFmpeg;C:\Program Files\mingw-w64\x86_64-8.1.0-posix-seh-rt_v6-rev0\mingw64\bin;C:\src\flutter\bin;C:\php7;C:\Users\Dendi\AppData\Roaming\Composer\vendor\bin;C:\Users\Dendi\AppData\Roaming\Composer\vendor\bin;C:\Users\Dendi\AppData\Roaming\npm;
USERNAME=Dendi
OS=Windows_NT
PROCESSOR_IDENTIFIER=Intel64 Family 6 Model 165 Stepping 2, GenuineIntel
TMP=C:\Users\Dendi\AppData\Local\Temp
TEMP=C:\Users\Dendi\AppData\Local\Temp


JNI global refs:
JNI global refs: 8, weak refs: 0

JNI global refs memory usage: 843, weak refs: 841


---------------  S Y S T E M  ---------------

OS:
 Windows 11 , 64 bit Build 22621 (10.0.22621.2070)
OS uptime: 0 days 10:02 hours

CPU: total 12 (initial active 12) (6 cores per cpu, 2 threads per core) family 6 model 165 stepping 2 microcode 0xe2, cx8, cmov, fxsr, ht, mmx, 3dnowpref, sse, sse2, sse3, ssse3, sse4.1, sse4.2, popcnt, lzcnt, tsc, tscinvbit, avx, avx2, aes, erms, clmul, bmi1, bmi2, adx, fma, vzeroupper, clflush, clflushopt

Memory: 4k page, system-wide physical 16205M (2573M free)
TotalPageFile size 19137M (AvailPageFile size 3M)
current process WorkingSet (physical memory assigned to process): 90M, peak: 90M
current process commit charge ("private bytes"): 364M, peak: 365M

vm_info: OpenJDK 64-Bit Server VM (17.0.6+0-b2043.56-10027231) for windows-amd64 JRE (17.0.6+0-b2043.56-10027231), built on Apr 28 2023 00:43:19 by "androidbuild" with MS VC++ 16.10 / 16.11 (VS2019)

END.
